#
# There is insufficient memory for the Java Runtime Environment to continue.
# Native memory allocation (malloc) failed to allocate 908256 bytes for Chunk::new
# Possible reasons:
#   The system is out of physical RAM or swap space
#   The process is running with CompressedOops enabled, and the Java Heap may be blocking the growth of the native heap
# Possible solutions:
#   Reduce memory load on the system
#   Increase physical memory or swap space
#   Check if swap backing store is full
#   Decrease Java heap size (-Xmx/-Xms)
#   Decrease number of Java threads
#   Decrease Java thread stack sizes (-Xss)
#   Set larger code cache with -XX:ReservedCodeCacheSize=
#   JVM is running with Zero Based Compressed Oops mode in which the Java heap is
#     placed in the first 32GB address space. The Java Heap base address is the
#     maximum limit for the native heap growth. Please use -XX:HeapBaseMinAddress
#     to set the Java Heap base and to place the Java Heap above 32GB virtual address.
# This output file may be truncated or incomplete.
#
#  Out of Memory Error (./src/hotspot/share/memory/arena.cpp:197), pid=2492, tid=11152
#
# JRE version: OpenJDK Runtime Environment (11.0.10) (build 11.0.10+0-b96-7249189)
# Java VM: OpenJDK 64-Bit Server VM (11.0.10+0-b96-7249189, mixed mode, tiered, compressed oops, g1 gc, windows-amd64)
# No core dump will be written. Minidumps are not enabled by default on client versions of Windows
#

---------------  S U M M A R Y ------------

Command Line: org.jetbrains.kotlin.cli.jvm.K2JVMCompiler @D:\Projects\React_Native\shop_on\node_modules\react-native-screens\android\build\20220518_13133678924348813194.compiler.options

Host: Intel(R) Core(TM) i5-4590 CPU @ 3.30GHz, 4 cores, 11G,  Windows 10 , 64 bit Build 19041 (10.0.19041.1706)
Time: Wed May 18 19:13:18 2022 Pakistan Standard Time elapsed time: 3.044428 seconds (0d 0h 0m 3s)

---------------  T H R E A D  ---------------

Current thread (0x0000024fffd01800):  JavaThread "C2 CompilerThread1" daemon [_thread_in_native, id=11152, stack(0x0000007414500000,0x0000007414600000)]


Current CompileTask:
C2:   3044 3834       4       jdk.internal.loader.BuiltinClassLoader::defineClass (121 bytes)

Stack: [0x0000007414500000,0x0000007414600000]
Native frames: (J=compiled Java code, j=interpreted, Vv=VM code, C=native code)
V  [jvm.dll+0x5ecfaa]
V  [jvm.dll+0x722bd5]
V  [jvm.dll+0x72412d]
V  [jvm.dll+0x7247e3]
V  [jvm.dll+0x242928]
V  [jvm.dll+0xbc4fc]
V  [jvm.dll+0xbca0c]
V  [jvm.dll+0x2b4fd4]
V  [jvm.dll+0x506028]
V  [jvm.dll+0x203253]
V  [jvm.dll+0x1fd07c]
V  [jvm.dll+0x1fa77f]
V  [jvm.dll+0x18354c]
V  [jvm.dll+0x208ee7]
V  [jvm.dll+0x207731]
V  [jvm.dll+0x6eb1cf]
V  [jvm.dll+0x6e3d45]
V  [jvm.dll+0x5ebe96]
C  [ucrtbase.dll+0x21bb2]
C  [KERNEL32.DLL+0x17034]
C  [ntdll.dll+0x52651]


---------------  P R O C E S S  ---------------

Threads class SMR info:
_java_thread_list=0x0000024fffcfed10, length=11, elements={
0x0000024fe599d000, 0x0000024fffb03000, 0x0000024fffb04000, 0x0000024fffb55000,
0x0000024fffb57000, 0x0000024fffb5b000, 0x0000024fffb5d800, 0x0000024fffbaf000,
0x0000024fffb1b800, 0x0000024fffd0a000, 0x0000024fffd01800
}

Java Threads: ( => current thread )
  0x0000024fe599d000 JavaThread "main" [_thread_in_vm, id=11436, stack(0x0000007413400000,0x0000007413500000)]
  0x0000024fffb03000 JavaThread "Reference Handler" daemon [_thread_blocked, id=5340, stack(0x0000007413b00000,0x0000007413c00000)]
  0x0000024fffb04000 JavaThread "Finalizer" daemon [_thread_blocked, id=1332, stack(0x0000007413c00000,0x0000007413d00000)]
  0x0000024fffb55000 JavaThread "Signal Dispatcher" daemon [_thread_blocked, id=11256, stack(0x0000007413d00000,0x0000007413e00000)]
  0x0000024fffb57000 JavaThread "Attach Listener" daemon [_thread_blocked, id=6356, stack(0x0000007413e00000,0x0000007413f00000)]
  0x0000024fffb5b000 JavaThread "Service Thread" daemon [_thread_blocked, id=11680, stack(0x0000007413f00000,0x0000007414000000)]
  0x0000024fffb5d800 JavaThread "C2 CompilerThread0" daemon [_thread_in_native, id=4852, stack(0x0000007414000000,0x0000007414100000)]
  0x0000024fffbaf000 JavaThread "C1 CompilerThread0" daemon [_thread_blocked, id=2548, stack(0x0000007414100000,0x0000007414200000)]
  0x0000024fffb1b800 JavaThread "Sweeper thread" daemon [_thread_blocked, id=12960, stack(0x0000007414200000,0x0000007414300000)]
  0x0000024fffd0a000 JavaThread "Common-Cleaner" daemon [_thread_blocked, id=12628, stack(0x0000007414400000,0x0000007414500000)]
=>0x0000024fffd01800 JavaThread "C2 CompilerThread1" daemon [_thread_in_native, id=11152, stack(0x0000007414500000,0x0000007414600000)]

Other Threads:
  0x0000024fffb44000 VMThread "VM Thread" [stack: 0x0000007413a00000,0x0000007413b00000] [id=10888]
  0x0000024fffd01000 WatcherThread [stack: 0x0000007414300000,0x0000007414400000] [id=12240]
  0x0000024fe59b6000 GCTaskThread "GC Thread#0" [stack: 0x0000007413500000,0x0000007413600000] [id=13328]
  0x0000024f82c3d800 GCTaskThread "GC Thread#1" [stack: 0x0000007414600000,0x0000007414700000] [id=4936]
  0x0000024f82bdd800 GCTaskThread "GC Thread#2" [stack: 0x0000007414700000,0x0000007414800000] [id=2908]
  0x0000024f82bd8800 GCTaskThread "GC Thread#3" [stack: 0x0000007414800000,0x0000007414900000] [id=6500]
  0x0000024fe59fb800 ConcurrentGCThread "G1 Main Marker" [stack: 0x0000007413600000,0x0000007413700000] [id=4144]
  0x0000024fe59fd800 ConcurrentGCThread "G1 Conc#0" [stack: 0x0000007413700000,0x0000007413800000] [id=4488]
  0x0000024fe5a7e000 ConcurrentGCThread "G1 Refine#0" [stack: 0x0000007413800000,0x0000007413900000] [id=4256]
  0x0000024fff970800 ConcurrentGCThread "G1 Young RemSet Sampling" [stack: 0x0000007413900000,0x0000007413a00000] [id=2368]

Threads with active compile tasks:
C2 CompilerThread0   3058 3880   !   4       jdk.internal.loader.Resource::getBytes (242 bytes)
C2 CompilerThread1   3058 3834       4       jdk.internal.loader.BuiltinClassLoader::defineClass (121 bytes)

VM state:not at safepoint (normal execution)

VM Mutex/Monitor currently owned by a thread: None

Heap address: 0x0000000741600000, size: 3050 MB, Compressed Oops mode: Zero based, Oop shift amount: 3
Narrow klass base: 0x0000000800000000, Narrow klass shift: 0
Compressed class space size: 1073741824 Address: 0x0000000800000000

Heap:
 garbage-first heap   total 196608K, used 68894K [0x0000000741600000, 0x0000000800000000)
  region size 1024K, 51 young (52224K), 3 survivors (3072K)
 Metaspace       used 44724K, capacity 45169K, committed 45488K, reserved 1089536K
  class space    used 5281K, capacity 5461K, committed 5552K, reserved 1048576K
Heap Regions: E=young(eden), S=young(survivor), O=old, HS=humongous(starts), HC=humongous(continues), CS=collection set, F=free, A=archive, TAMS=top-at-mark-start (previous, next)
|   0|0x0000000741600000, 0x0000000741700000, 0x0000000741700000|100%|HS|  |TAMS 0x0000000741700000, 0x0000000741600000| Complete 
|   1|0x0000000741700000, 0x0000000741800000, 0x0000000741800000|100%|HC|  |TAMS 0x0000000741800000, 0x0000000741700000| Complete 
|   2|0x0000000741800000, 0x0000000741900000, 0x0000000741900000|100%|HC|  |TAMS 0x0000000741900000, 0x0000000741800000| Complete 
|   3|0x0000000741900000, 0x0000000741a00000, 0x0000000741a00000|100%| O|  |TAMS 0x0000000741a00000, 0x0000000741900000| Untracked 
|   4|0x0000000741a00000, 0x0000000741b00000, 0x0000000741b00000|100%| O|  |TAMS 0x0000000741b00000, 0x0000000741a00000| Untracked 
|   5|0x0000000741b00000, 0x0000000741c00000, 0x0000000741c00000|100%| O|  |TAMS 0x0000000741c00000, 0x0000000741b00000| Untracked 
|   6|0x0000000741c00000, 0x0000000741d00000, 0x0000000741d00000|100%| O|  |TAMS 0x0000000741d00000, 0x0000000741c00000| Untracked 
|   7|0x0000000741d00000, 0x0000000741e00000, 0x0000000741e00000|100%| O|  |TAMS 0x0000000741e00000, 0x0000000741d00000| Untracked 
|   8|0x0000000741e00000, 0x0000000741f00000, 0x0000000741f00000|100%| O|  |TAMS 0x0000000741f00000, 0x0000000741e00000| Untracked 
|   9|0x0000000741f00000, 0x0000000742000000, 0x0000000742000000|100%|HS|  |TAMS 0x0000000742000000, 0x0000000741f00000| Complete 
|  10|0x0000000742000000, 0x0000000742100000, 0x0000000742100000|100%|HC|  |TAMS 0x0000000742100000, 0x0000000742000000| Complete 
|  11|0x0000000742100000, 0x0000000742200000, 0x0000000742200000|100%| O|  |TAMS 0x0000000742200000, 0x0000000742100000| Untracked 
|  12|0x0000000742200000, 0x0000000742300000, 0x0000000742300000|100%| O|  |TAMS 0x0000000742300000, 0x0000000742200000| Untracked 
|  13|0x0000000742300000, 0x0000000742400000, 0x0000000742400000|100%| O|  |TAMS 0x0000000742400000, 0x0000000742300000| Untracked 
|  14|0x0000000742400000, 0x0000000742500000, 0x0000000742500000|100%| O|  |TAMS 0x0000000742500000, 0x0000000742400000| Untracked 
|  15|0x0000000742500000, 0x0000000742600000, 0x0000000742600000|100%| O|  |TAMS 0x0000000742600000, 0x0000000742500000| Untracked 
|  16|0x0000000742600000, 0x0000000742700000, 0x0000000742700000|100%| O|  |TAMS 0x0000000742700000, 0x0000000742600000| Untracked 
|  17|0x0000000742700000, 0x00000007427b7a00, 0x0000000742800000| 71%| O|  |TAMS 0x00000007427b7a00, 0x0000000742700000| Untracked 
|  18|0x0000000742800000, 0x0000000742800000, 0x0000000742900000|  0%| F|  |TAMS 0x0000000742800000, 0x0000000742800000| Untracked 
|  19|0x0000000742900000, 0x0000000742900000, 0x0000000742a00000|  0%| F|  |TAMS 0x0000000742900000, 0x0000000742900000| Untracked 
|  20|0x0000000742a00000, 0x0000000742a00000, 0x0000000742b00000|  0%| F|  |TAMS 0x0000000742a00000, 0x0000000742a00000| Untracked 
|  21|0x0000000742b00000, 0x0000000742b00000, 0x0000000742c00000|  0%| F|  |TAMS 0x0000000742b00000, 0x0000000742b00000| Untracked 
|  22|0x0000000742c00000, 0x0000000742c00000, 0x0000000742d00000|  0%| F|  |TAMS 0x0000000742c00000, 0x0000000742c00000| Untracked 
|  23|0x0000000742d00000, 0x0000000742d00000, 0x0000000742e00000|  0%| F|  |TAMS 0x0000000742d00000, 0x0000000742d00000| Untracked 
|  24|0x0000000742e00000, 0x0000000742e00000, 0x0000000742f00000|  0%| F|  |TAMS 0x0000000742e00000, 0x0000000742e00000| Untracked 
|  25|0x0000000742f00000, 0x0000000742f00000, 0x0000000743000000|  0%| F|  |TAMS 0x0000000742f00000, 0x0000000742f00000| Untracked 
|  26|0x0000000743000000, 0x0000000743000000, 0x0000000743100000|  0%| F|  |TAMS 0x0000000743000000, 0x0000000743000000| Untracked 
|  27|0x0000000743100000, 0x0000000743100000, 0x0000000743200000|  0%| F|  |TAMS 0x0000000743100000, 0x0000000743100000| Untracked 
|  28|0x0000000743200000, 0x0000000743200000, 0x0000000743300000|  0%| F|  |TAMS 0x0000000743200000, 0x0000000743200000| Untracked 
|  29|0x0000000743300000, 0x0000000743300000, 0x0000000743400000|  0%| F|  |TAMS 0x0000000743300000, 0x0000000743300000| Untracked 
|  30|0x0000000743400000, 0x0000000743400000, 0x0000000743500000|  0%| F|  |TAMS 0x0000000743400000, 0x0000000743400000| Untracked 
|  31|0x0000000743500000, 0x0000000743500000, 0x0000000743600000|  0%| F|  |TAMS 0x0000000743500000, 0x0000000743500000| Untracked 
|  32|0x0000000743600000, 0x0000000743600000, 0x0000000743700000|  0%| F|  |TAMS 0x0000000743600000, 0x0000000743600000| Untracked 
|  33|0x0000000743700000, 0x0000000743700000, 0x0000000743800000|  0%| F|  |TAMS 0x0000000743700000, 0x0000000743700000| Untracked 
|  34|0x0000000743800000, 0x0000000743800000, 0x0000000743900000|  0%| F|  |TAMS 0x0000000743800000, 0x0000000743800000| Untracked 
|  35|0x0000000743900000, 0x0000000743900000, 0x0000000743a00000|  0%| F|  |TAMS 0x0000000743900000, 0x0000000743900000| Untracked 
|  36|0x0000000743a00000, 0x0000000743a00000, 0x0000000743b00000|  0%| F|  |TAMS 0x0000000743a00000, 0x0000000743a00000| Untracked 
|  37|0x0000000743b00000, 0x0000000743b00000, 0x0000000743c00000|  0%| F|  |TAMS 0x0000000743b00000, 0x0000000743b00000| Untracked 
|  38|0x0000000743c00000, 0x0000000743c00000, 0x0000000743d00000|  0%| F|  |TAMS 0x0000000743c00000, 0x0000000743c00000| Untracked 
|  39|0x0000000743d00000, 0x0000000743d00000, 0x0000000743e00000|  0%| F|  |TAMS 0x0000000743d00000, 0x0000000743d00000| Untracked 
|  40|0x0000000743e00000, 0x0000000743e00000, 0x0000000743f00000|  0%| F|  |TAMS 0x0000000743e00000, 0x0000000743e00000| Untracked 
|  41|0x0000000743f00000, 0x0000000743f00000, 0x0000000744000000|  0%| F|  |TAMS 0x0000000743f00000, 0x0000000743f00000| Untracked 
|  42|0x0000000744000000, 0x0000000744000000, 0x0000000744100000|  0%| F|  |TAMS 0x0000000744000000, 0x0000000744000000| Untracked 
|  43|0x0000000744100000, 0x0000000744100000, 0x0000000744200000|  0%| F|  |TAMS 0x0000000744100000, 0x0000000744100000| Untracked 
|  44|0x0000000744200000, 0x0000000744200000, 0x0000000744300000|  0%| F|  |TAMS 0x0000000744200000, 0x0000000744200000| Untracked 
|  45|0x0000000744300000, 0x0000000744300000, 0x0000000744400000|  0%| F|  |TAMS 0x0000000744300000, 0x0000000744300000| Untracked 
|  46|0x0000000744400000, 0x0000000744400000, 0x0000000744500000|  0%| F|  |TAMS 0x0000000744400000, 0x0000000744400000| Untracked 
|  47|0x0000000744500000, 0x0000000744500000, 0x0000000744600000|  0%| F|  |TAMS 0x0000000744500000, 0x0000000744500000| Untracked 
|  48|0x0000000744600000, 0x0000000744600000, 0x0000000744700000|  0%| F|  |TAMS 0x0000000744600000, 0x0000000744600000| Untracked 
|  49|0x0000000744700000, 0x0000000744700000, 0x0000000744800000|  0%| F|  |TAMS 0x0000000744700000, 0x0000000744700000| Untracked 
|  50|0x0000000744800000, 0x0000000744800000, 0x0000000744900000|  0%| F|  |TAMS 0x0000000744800000, 0x0000000744800000| Untracked 
|  51|0x0000000744900000, 0x0000000744900000, 0x0000000744a00000|  0%| F|  |TAMS 0x0000000744900000, 0x0000000744900000| Untracked 
|  52|0x0000000744a00000, 0x0000000744a00000, 0x0000000744b00000|  0%| F|  |TAMS 0x0000000744a00000, 0x0000000744a00000| Untracked 
|  53|0x0000000744b00000, 0x0000000744b00000, 0x0000000744c00000|  0%| F|  |TAMS 0x0000000744b00000, 0x0000000744b00000| Untracked 
|  54|0x0000000744c00000, 0x0000000744c00000, 0x0000000744d00000|  0%| F|  |TAMS 0x0000000744c00000, 0x0000000744c00000| Untracked 
|  55|0x0000000744d00000, 0x0000000744d00000, 0x0000000744e00000|  0%| F|  |TAMS 0x0000000744d00000, 0x0000000744d00000| Untracked 
|  56|0x0000000744e00000, 0x0000000744e00000, 0x0000000744f00000|  0%| F|  |TAMS 0x0000000744e00000, 0x0000000744e00000| Untracked 
|  57|0x0000000744f00000, 0x0000000744f00000, 0x0000000745000000|  0%| F|  |TAMS 0x0000000744f00000, 0x0000000744f00000| Untracked 
|  58|0x0000000745000000, 0x0000000745000000, 0x0000000745100000|  0%| F|  |TAMS 0x0000000745000000, 0x0000000745000000| Untracked 
|  59|0x0000000745100000, 0x0000000745100000, 0x0000000745200000|  0%| F|  |TAMS 0x0000000745100000, 0x0000000745100000| Untracked 
|  60|0x0000000745200000, 0x0000000745200000, 0x0000000745300000|  0%| F|  |TAMS 0x0000000745200000, 0x0000000745200000| Untracked 
|  61|0x0000000745300000, 0x0000000745300000, 0x0000000745400000|  0%| F|  |TAMS 0x0000000745300000, 0x0000000745300000| Untracked 
|  62|0x0000000745400000, 0x0000000745400000, 0x0000000745500000|  0%| F|  |TAMS 0x0000000745400000, 0x0000000745400000| Untracked 
|  63|0x0000000745500000, 0x0000000745500000, 0x0000000745600000|  0%| F|  |TAMS 0x0000000745500000, 0x0000000745500000| Untracked 
|  64|0x0000000745600000, 0x0000000745600000, 0x0000000745700000|  0%| F|  |TAMS 0x0000000745600000, 0x0000000745600000| Untracked 
|  65|0x0000000745700000, 0x0000000745700000, 0x0000000745800000|  0%| F|  |TAMS 0x0000000745700000, 0x0000000745700000| Untracked 
|  66|0x0000000745800000, 0x0000000745800000, 0x0000000745900000|  0%| F|  |TAMS 0x0000000745800000, 0x0000000745800000| Untracked 
|  67|0x0000000745900000, 0x0000000745900000, 0x0000000745a00000|  0%| F|  |TAMS 0x0000000745900000, 0x0000000745900000| Untracked 
|  68|0x0000000745a00000, 0x0000000745a00000, 0x0000000745b00000|  0%| F|  |TAMS 0x0000000745a00000, 0x0000000745a00000| Untracked 
|  69|0x0000000745b00000, 0x0000000745b00000, 0x0000000745c00000|  0%| F|  |TAMS 0x0000000745b00000, 0x0000000745b00000| Untracked 
|  70|0x0000000745c00000, 0x0000000745c00000, 0x0000000745d00000|  0%| F|  |TAMS 0x0000000745c00000, 0x0000000745c00000| Untracked 
|  71|0x0000000745d00000, 0x0000000745d00000, 0x0000000745e00000|  0%| F|  |TAMS 0x0000000745d00000, 0x0000000745d00000| Untracked 
|  72|0x0000000745e00000, 0x0000000745e00000, 0x0000000745f00000|  0%| F|  |TAMS 0x0000000745e00000, 0x0000000745e00000| Untracked 
|  73|0x0000000745f00000, 0x0000000745f00000, 0x0000000746000000|  0%| F|  |TAMS 0x0000000745f00000, 0x0000000745f00000| Untracked 
|  74|0x0000000746000000, 0x0000000746000000, 0x0000000746100000|  0%| F|  |TAMS 0x0000000746000000, 0x0000000746000000| Untracked 
|  75|0x0000000746100000, 0x0000000746100000, 0x0000000746200000|  0%| F|  |TAMS 0x0000000746100000, 0x0000000746100000| Untracked 
|  76|0x0000000746200000, 0x0000000746200000, 0x0000000746300000|  0%| F|  |TAMS 0x0000000746200000, 0x0000000746200000| Untracked 
|  77|0x0000000746300000, 0x0000000746300000, 0x0000000746400000|  0%| F|  |TAMS 0x0000000746300000, 0x0000000746300000| Untracked 
|  78|0x0000000746400000, 0x0000000746400000, 0x0000000746500000|  0%| F|  |TAMS 0x0000000746400000, 0x0000000746400000| Untracked 
|  79|0x0000000746500000, 0x0000000746500000, 0x0000000746600000|  0%| F|  |TAMS 0x0000000746500000, 0x0000000746500000| Untracked 
|  80|0x0000000746600000, 0x0000000746600000, 0x0000000746700000|  0%| F|  |TAMS 0x0000000746600000, 0x0000000746600000| Untracked 
|  81|0x0000000746700000, 0x0000000746700000, 0x0000000746800000|  0%| F|  |TAMS 0x0000000746700000, 0x0000000746700000| Untracked 
|  82|0x0000000746800000, 0x0000000746800000, 0x0000000746900000|  0%| F|  |TAMS 0x0000000746800000, 0x0000000746800000| Untracked 
|  83|0x0000000746900000, 0x0000000746900000, 0x0000000746a00000|  0%| F|  |TAMS 0x0000000746900000, 0x0000000746900000| Untracked 
|  84|0x0000000746a00000, 0x0000000746a00000, 0x0000000746b00000|  0%| F|  |TAMS 0x0000000746a00000, 0x0000000746a00000| Untracked 
|  85|0x0000000746b00000, 0x0000000746b00000, 0x0000000746c00000|  0%| F|  |TAMS 0x0000000746b00000, 0x0000000746b00000| Untracked 
|  86|0x0000000746c00000, 0x0000000746c00000, 0x0000000746d00000|  0%| F|  |TAMS 0x0000000746c00000, 0x0000000746c00000| Untracked 
|  87|0x0000000746d00000, 0x0000000746d00000, 0x0000000746e00000|  0%| F|  |TAMS 0x0000000746d00000, 0x0000000746d00000| Untracked 
|  88|0x0000000746e00000, 0x0000000746e00000, 0x0000000746f00000|  0%| F|  |TAMS 0x0000000746e00000, 0x0000000746e00000| Untracked 
|  89|0x0000000746f00000, 0x0000000746f00000, 0x0000000747000000|  0%| F|  |TAMS 0x0000000746f00000, 0x0000000746f00000| Untracked 
|  90|0x0000000747000000, 0x0000000747000000, 0x0000000747100000|  0%| F|  |TAMS 0x0000000747000000, 0x0000000747000000| Untracked 
|  91|0x0000000747100000, 0x0000000747100000, 0x0000000747200000|  0%| F|  |TAMS 0x0000000747100000, 0x0000000747100000| Untracked 
|  92|0x0000000747200000, 0x0000000747200000, 0x0000000747300000|  0%| F|  |TAMS 0x0000000747200000, 0x0000000747200000| Untracked 
|  93|0x0000000747300000, 0x0000000747300000, 0x0000000747400000|  0%| F|  |TAMS 0x0000000747300000, 0x0000000747300000| Untracked 
|  94|0x0000000747400000, 0x0000000747400000, 0x0000000747500000|  0%| F|  |TAMS 0x0000000747400000, 0x0000000747400000| Untracked 
|  95|0x0000000747500000, 0x0000000747500000, 0x0000000747600000|  0%| F|  |TAMS 0x0000000747500000, 0x0000000747500000| Untracked 
|  96|0x0000000747600000, 0x0000000747600000, 0x0000000747700000|  0%| F|  |TAMS 0x0000000747600000, 0x0000000747600000| Untracked 
|  97|0x0000000747700000, 0x0000000747700000, 0x0000000747800000|  0%| F|  |TAMS 0x0000000747700000, 0x0000000747700000| Untracked 
|  98|0x0000000747800000, 0x0000000747800000, 0x0000000747900000|  0%| F|  |TAMS 0x0000000747800000, 0x0000000747800000| Untracked 
|  99|0x0000000747900000, 0x0000000747900000, 0x0000000747a00000|  0%| F|  |TAMS 0x0000000747900000, 0x0000000747900000| Untracked 
| 100|0x0000000747a00000, 0x0000000747a00000, 0x0000000747b00000|  0%| F|  |TAMS 0x0000000747a00000, 0x0000000747a00000| Untracked 
| 101|0x0000000747b00000, 0x0000000747b00000, 0x0000000747c00000|  0%| F|  |TAMS 0x0000000747b00000, 0x0000000747b00000| Untracked 
| 102|0x0000000747c00000, 0x0000000747c00000, 0x0000000747d00000|  0%| F|  |TAMS 0x0000000747c00000, 0x0000000747c00000| Untracked 
| 103|0x0000000747d00000, 0x0000000747d00000, 0x0000000747e00000|  0%| F|  |TAMS 0x0000000747d00000, 0x0000000747d00000| Untracked 
| 104|0x0000000747e00000, 0x0000000747e00000, 0x0000000747f00000|  0%| F|  |TAMS 0x0000000747e00000, 0x0000000747e00000| Untracked 
| 105|0x0000000747f00000, 0x0000000747f00000, 0x0000000748000000|  0%| F|  |TAMS 0x0000000747f00000, 0x0000000747f00000| Untracked 
| 106|0x0000000748000000, 0x0000000748000000, 0x0000000748100000|  0%| F|  |TAMS 0x0000000748000000, 0x0000000748000000| Untracked 
| 107|0x0000000748100000, 0x0000000748100000, 0x0000000748200000|  0%| F|  |TAMS 0x0000000748100000, 0x0000000748100000| Untracked 
| 108|0x0000000748200000, 0x0000000748200000, 0x0000000748300000|  0%| F|  |TAMS 0x0000000748200000, 0x0000000748200000| Untracked 
| 109|0x0000000748300000, 0x0000000748300000, 0x0000000748400000|  0%| F|  |TAMS 0x0000000748300000, 0x0000000748300000| Untracked 
| 110|0x0000000748400000, 0x0000000748400000, 0x0000000748500000|  0%| F|  |TAMS 0x0000000748400000, 0x0000000748400000| Untracked 
| 111|0x0000000748500000, 0x0000000748500000, 0x0000000748600000|  0%| F|  |TAMS 0x0000000748500000, 0x0000000748500000| Untracked 
| 112|0x0000000748600000, 0x0000000748600000, 0x0000000748700000|  0%| F|  |TAMS 0x0000000748600000, 0x0000000748600000| Untracked 
| 113|0x0000000748700000, 0x0000000748700000, 0x0000000748800000|  0%| F|  |TAMS 0x0000000748700000, 0x0000000748700000| Untracked 
| 114|0x0000000748800000, 0x0000000748800000, 0x0000000748900000|  0%| F|  |TAMS 0x0000000748800000, 0x0000000748800000| Untracked 
| 115|0x0000000748900000, 0x0000000748900000, 0x0000000748a00000|  0%| F|  |TAMS 0x0000000748900000, 0x0000000748900000| Untracked 
| 116|0x0000000748a00000, 0x0000000748a00000, 0x0000000748b00000|  0%| F|  |TAMS 0x0000000748a00000, 0x0000000748a00000| Untracked 
| 117|0x0000000748b00000, 0x0000000748b00000, 0x0000000748c00000|  0%| F|  |TAMS 0x0000000748b00000, 0x0000000748b00000| Untracked 
| 118|0x0000000748c00000, 0x0000000748c00000, 0x0000000748d00000|  0%| F|  |TAMS 0x0000000748c00000, 0x0000000748c00000| Untracked 
| 119|0x0000000748d00000, 0x0000000748d00000, 0x0000000748e00000|  0%| F|  |TAMS 0x0000000748d00000, 0x0000000748d00000| Untracked 
| 120|0x0000000748e00000, 0x0000000748e00000, 0x0000000748f00000|  0%| F|  |TAMS 0x0000000748e00000, 0x0000000748e00000| Untracked 
| 121|0x0000000748f00000, 0x0000000748f00000, 0x0000000749000000|  0%| F|  |TAMS 0x0000000748f00000, 0x0000000748f00000| Untracked 
| 122|0x0000000749000000, 0x0000000749000000, 0x0000000749100000|  0%| F|  |TAMS 0x0000000749000000, 0x0000000749000000| Untracked 
| 123|0x0000000749100000, 0x0000000749100000, 0x0000000749200000|  0%| F|  |TAMS 0x0000000749100000, 0x0000000749100000| Untracked 
| 124|0x0000000749200000, 0x0000000749200000, 0x0000000749300000|  0%| F|  |TAMS 0x0000000749200000, 0x0000000749200000| Untracked 
| 125|0x0000000749300000, 0x0000000749300000, 0x0000000749400000|  0%| F|  |TAMS 0x0000000749300000, 0x0000000749300000| Untracked 
| 126|0x0000000749400000, 0x0000000749400000, 0x0000000749500000|  0%| F|  |TAMS 0x0000000749400000, 0x0000000749400000| Untracked 
| 127|0x0000000749500000, 0x0000000749500000, 0x0000000749600000|  0%| F|  |TAMS 0x0000000749500000, 0x0000000749500000| Untracked 
| 128|0x0000000749600000, 0x0000000749600000, 0x0000000749700000|  0%| F|  |TAMS 0x0000000749600000, 0x0000000749600000| Untracked 
| 129|0x0000000749700000, 0x0000000749700000, 0x0000000749800000|  0%| F|  |TAMS 0x0000000749700000, 0x0000000749700000| Untracked 
| 130|0x0000000749800000, 0x0000000749800000, 0x0000000749900000|  0%| F|  |TAMS 0x0000000749800000, 0x0000000749800000| Untracked 
| 131|0x0000000749900000, 0x0000000749900000, 0x0000000749a00000|  0%| F|  |TAMS 0x0000000749900000, 0x0000000749900000| Untracked 
| 132|0x0000000749a00000, 0x0000000749a00000, 0x0000000749b00000|  0%| F|  |TAMS 0x0000000749a00000, 0x0000000749a00000| Untracked 
| 133|0x0000000749b00000, 0x0000000749b00000, 0x0000000749c00000|  0%| F|  |TAMS 0x0000000749b00000, 0x0000000749b00000| Untracked 
| 134|0x0000000749c00000, 0x0000000749c00000, 0x0000000749d00000|  0%| F|  |TAMS 0x0000000749c00000, 0x0000000749c00000| Untracked 
| 135|0x0000000749d00000, 0x0000000749d00000, 0x0000000749e00000|  0%| F|  |TAMS 0x0000000749d00000, 0x0000000749d00000| Untracked 
| 136|0x0000000749e00000, 0x0000000749e00000, 0x0000000749f00000|  0%| F|  |TAMS 0x0000000749e00000, 0x0000000749e00000| Untracked 
| 137|0x0000000749f00000, 0x0000000749f00000, 0x000000074a000000|  0%| F|  |TAMS 0x0000000749f00000, 0x0000000749f00000| Untracked 
| 138|0x000000074a000000, 0x000000074a000000, 0x000000074a100000|  0%| F|  |TAMS 0x000000074a000000, 0x000000074a000000| Untracked 
| 139|0x000000074a100000, 0x000000074a100000, 0x000000074a200000|  0%| F|  |TAMS 0x000000074a100000, 0x000000074a100000| Untracked 
| 140|0x000000074a200000, 0x000000074a200000, 0x000000074a300000|  0%| F|  |TAMS 0x000000074a200000, 0x000000074a200000| Untracked 
| 141|0x000000074a300000, 0x000000074a400000, 0x000000074a400000|100%| E|  |TAMS 0x000000074a300000, 0x000000074a300000| Complete 
| 142|0x000000074a400000, 0x000000074a500000, 0x000000074a500000|100%| E|CS|TAMS 0x000000074a400000, 0x000000074a400000| Complete 
| 143|0x000000074a500000, 0x000000074a600000, 0x000000074a600000|100%| E|CS|TAMS 0x000000074a500000, 0x000000074a500000| Complete 
| 144|0x000000074a600000, 0x000000074a700000, 0x000000074a700000|100%| E|CS|TAMS 0x000000074a600000, 0x000000074a600000| Complete 
| 145|0x000000074a700000, 0x000000074a800000, 0x000000074a800000|100%| E|CS|TAMS 0x000000074a700000, 0x000000074a700000| Complete 
| 146|0x000000074a800000, 0x000000074a900000, 0x000000074a900000|100%| E|CS|TAMS 0x000000074a800000, 0x000000074a800000| Complete 
| 147|0x000000074a900000, 0x000000074aa00000, 0x000000074aa00000|100%| E|CS|TAMS 0x000000074a900000, 0x000000074a900000| Complete 
| 148|0x000000074aa00000, 0x000000074ab00000, 0x000000074ab00000|100%| E|CS|TAMS 0x000000074aa00000, 0x000000074aa00000| Complete 
| 149|0x000000074ab00000, 0x000000074ac00000, 0x000000074ac00000|100%| E|CS|TAMS 0x000000074ab00000, 0x000000074ab00000| Complete 
| 150|0x000000074ac00000, 0x000000074ad00000, 0x000000074ad00000|100%| E|CS|TAMS 0x000000074ac00000, 0x000000074ac00000| Complete 
| 151|0x000000074ad00000, 0x000000074ae00000, 0x000000074ae00000|100%| E|CS|TAMS 0x000000074ad00000, 0x000000074ad00000| Complete 
| 152|0x000000074ae00000, 0x000000074af00000, 0x000000074af00000|100%| E|CS|TAMS 0x000000074ae00000, 0x000000074ae00000| Complete 
| 153|0x000000074af00000, 0x000000074b000000, 0x000000074b000000|100%| E|CS|TAMS 0x000000074af00000, 0x000000074af00000| Complete 
| 154|0x000000074b000000, 0x000000074b100000, 0x000000074b100000|100%| E|CS|TAMS 0x000000074b000000, 0x000000074b000000| Complete 
| 155|0x000000074b100000, 0x000000074b200000, 0x000000074b200000|100%| E|CS|TAMS 0x000000074b100000, 0x000000074b100000| Complete 
| 156|0x000000074b200000, 0x000000074b300000, 0x000000074b300000|100%| E|CS|TAMS 0x000000074b200000, 0x000000074b200000| Complete 
| 157|0x000000074b300000, 0x000000074b400000, 0x000000074b400000|100%| E|CS|TAMS 0x000000074b300000, 0x000000074b300000| Complete 
| 158|0x000000074b400000, 0x000000074b500000, 0x000000074b500000|100%| E|CS|TAMS 0x000000074b400000, 0x000000074b400000| Complete 
| 159|0x000000074b500000, 0x000000074b600000, 0x000000074b600000|100%| E|CS|TAMS 0x000000074b500000, 0x000000074b500000| Complete 
| 160|0x000000074b600000, 0x000000074b700000, 0x000000074b700000|100%| E|CS|TAMS 0x000000074b600000, 0x000000074b600000| Complete 
| 161|0x000000074b700000, 0x000000074b800000, 0x000000074b800000|100%| E|CS|TAMS 0x000000074b700000, 0x000000074b700000| Complete 
| 162|0x000000074b800000, 0x000000074b900000, 0x000000074b900000|100%| E|CS|TAMS 0x000000074b800000, 0x000000074b800000| Complete 
| 163|0x000000074b900000, 0x000000074ba00000, 0x000000074ba00000|100%| E|CS|TAMS 0x000000074b900000, 0x000000074b900000| Complete 
| 164|0x000000074ba00000, 0x000000074bb00000, 0x000000074bb00000|100%| E|CS|TAMS 0x000000074ba00000, 0x000000074ba00000| Complete 
| 165|0x000000074bb00000, 0x000000074bc00000, 0x000000074bc00000|100%| E|CS|TAMS 0x000000074bb00000, 0x000000074bb00000| Complete 
| 166|0x000000074bc00000, 0x000000074bd00000, 0x000000074bd00000|100%| E|CS|TAMS 0x000000074bc00000, 0x000000074bc00000| Complete 
| 167|0x000000074bd00000, 0x000000074be00000, 0x000000074be00000|100%| E|CS|TAMS 0x000000074bd00000, 0x000000074bd00000| Complete 
| 168|0x000000074be00000, 0x000000074bf00000, 0x000000074bf00000|100%| E|CS|TAMS 0x000000074be00000, 0x000000074be00000| Complete 
| 169|0x000000074bf00000, 0x000000074c000000, 0x000000074c000000|100%| E|CS|TAMS 0x000000074bf00000, 0x000000074bf00000| Complete 
| 170|0x000000074c000000, 0x000000074c0901d0, 0x000000074c100000| 56%| S|CS|TAMS 0x000000074c000000, 0x000000074c000000| Complete 
| 171|0x000000074c100000, 0x000000074c200000, 0x000000074c200000|100%| S|CS|TAMS 0x000000074c100000, 0x000000074c100000| Complete 
| 172|0x000000074c200000, 0x000000074c300000, 0x000000074c300000|100%| S|CS|TAMS 0x000000074c200000, 0x000000074c200000| Complete 
| 173|0x000000074c300000, 0x000000074c400000, 0x000000074c400000|100%| E|CS|TAMS 0x000000074c300000, 0x000000074c300000| Complete 
| 174|0x000000074c400000, 0x000000074c500000, 0x000000074c500000|100%| E|CS|TAMS 0x000000074c400000, 0x000000074c400000| Complete 
| 175|0x000000074c500000, 0x000000074c600000, 0x000000074c600000|100%| E|CS|TAMS 0x000000074c500000, 0x000000074c500000| Complete 
| 176|0x000000074c600000, 0x000000074c700000, 0x000000074c700000|100%| E|CS|TAMS 0x000000074c600000, 0x000000074c600000| Complete 
| 177|0x000000074c700000, 0x000000074c800000, 0x000000074c800000|100%| E|CS|TAMS 0x000000074c700000, 0x000000074c700000| Complete 
| 178|0x000000074c800000, 0x000000074c900000, 0x000000074c900000|100%| E|CS|TAMS 0x000000074c800000, 0x000000074c800000| Complete 
| 179|0x000000074c900000, 0x000000074ca00000, 0x000000074ca00000|100%| E|CS|TAMS 0x000000074c900000, 0x000000074c900000| Complete 
| 180|0x000000074ca00000, 0x000000074cb00000, 0x000000074cb00000|100%| E|CS|TAMS 0x000000074ca00000, 0x000000074ca00000| Complete 
| 181|0x000000074cb00000, 0x000000074cc00000, 0x000000074cc00000|100%| E|CS|TAMS 0x000000074cb00000, 0x000000074cb00000| Complete 
| 182|0x000000074cc00000, 0x000000074cd00000, 0x000000074cd00000|100%| E|CS|TAMS 0x000000074cc00000, 0x000000074cc00000| Complete 
| 183|0x000000074cd00000, 0x000000074ce00000, 0x000000074ce00000|100%| E|CS|TAMS 0x000000074cd00000, 0x000000074cd00000| Complete 
| 184|0x000000074ce00000, 0x000000074cf00000, 0x000000074cf00000|100%| E|CS|TAMS 0x000000074ce00000, 0x000000074ce00000| Complete 
| 185|0x000000074cf00000, 0x000000074d000000, 0x000000074d000000|100%| E|CS|TAMS 0x000000074cf00000, 0x000000074cf00000| Complete 
| 186|0x000000074d000000, 0x000000074d100000, 0x000000074d100000|100%| E|CS|TAMS 0x000000074d000000, 0x000000074d000000| Complete 
| 187|0x000000074d100000, 0x000000074d200000, 0x000000074d200000|100%| E|CS|TAMS 0x000000074d100000, 0x000000074d100000| Complete 
| 188|0x000000074d200000, 0x000000074d300000, 0x000000074d300000|100%| E|CS|TAMS 0x000000074d200000, 0x000000074d200000| Complete 
| 189|0x000000074d300000, 0x000000074d400000, 0x000000074d400000|100%| E|CS|TAMS 0x000000074d300000, 0x000000074d300000| Complete 
| 190|0x000000074d400000, 0x000000074d500000, 0x000000074d500000|100%| E|CS|TAMS 0x000000074d400000, 0x000000074d400000| Complete 
| 191|0x000000074d500000, 0x000000074d600000, 0x000000074d600000|100%| E|CS|TAMS 0x000000074d500000, 0x000000074d500000| Complete 

Card table byte_map: [0x0000024ff8a90000,0x0000024ff9090000] _byte_map_base: 0x0000024ff5085000

Marking Bits (Prev, Next): (CMBitMap*) 0x0000024fe59ee848, (CMBitMap*) 0x0000024fe59ee880
 Prev Bits: [0x0000024ff9690000, 0x0000024ffc638000)
 Next Bits: [0x0000024ffc640000, 0x0000024fff5e8000)

Polling page: 0x0000024fe3940000

Metaspace:

Usage:
  Non-class:     38.84 MB capacity,    38.58 MB (>99%) used,   207.16 KB ( <1%) free+waste,    62.75 KB ( <1%) overhead. 
      Class:      5.33 MB capacity,     5.16 MB ( 97%) used,   149.48 KB (  3%) free+waste,    26.25 KB ( <1%) overhead. 
       Both:     44.17 MB capacity,    43.74 MB (>99%) used,   356.64 KB ( <1%) free+waste,    89.00 KB ( <1%) overhead. 

Virtual space:
  Non-class space:       40.00 MB reserved,      39.00 MB ( 98%) committed 
      Class space:        1.00 GB reserved,       5.42 MB ( <1%) committed 
             Both:        1.04 GB reserved,      44.42 MB (  4%) committed 

Chunk freelists:
   Non-Class:  36.00 KB
       Class:  11.00 KB
        Both:  47.00 KB

MaxMetaspaceSize: 17179869184.00 GB
CompressedClassSpaceSize: 1.00 GB

CodeHeap 'non-profiled nmethods': size=120064Kb used=1561Kb max_used=1561Kb free=118502Kb
 bounds [0x0000024ff0f50000, 0x0000024ff11c0000, 0x0000024ff8490000]
CodeHeap 'profiled nmethods': size=120000Kb used=8433Kb max_used=8433Kb free=111566Kb
 bounds [0x0000024fe9a20000, 0x0000024fea260000, 0x0000024ff0f50000]
CodeHeap 'non-nmethods': size=5696Kb used=1167Kb max_used=1197Kb free=4528Kb
 bounds [0x0000024fe9490000, 0x0000024fe9700000, 0x0000024fe9a20000]
 total_blobs=4373 nmethods=3878 adapters=405
 compilation: enabled
              stopped_count=0, restarted_count=0
 full_count=0

Compilation events (20 events):
Event: 3.002 Thread 0x0000024fffb5d800 nmethod 3847 0x0000024ff10d0e90 code [0x0000024ff10d1020, 0x0000024ff10d1078]
Event: 3.003 Thread 0x0000024fffb5d800 3868   !   4       java.util.zip.ZipFile$ZipFileInflaterInputStream::close (67 bytes)
Event: 3.019 Thread 0x0000024fffbaf000 3870       1       kotlin.Pair::getSecond (5 bytes)
Event: 3.019 Thread 0x0000024fffbaf000 nmethod 3870 0x0000024ff10d1110 code [0x0000024ff10d12c0, 0x0000024ff10d1378]
Event: 3.019 Thread 0x0000024fffbaf000 3871       1       kotlin.collections.IndexedValue::getIndex (5 bytes)
Event: 3.019 Thread 0x0000024fffbaf000 nmethod 3871 0x0000024ff10d1410 code [0x0000024ff10d15c0, 0x0000024ff10d1678]
Event: 3.019 Thread 0x0000024fffbaf000 3872       1       kotlin.collections.IndexedValue::getValue (5 bytes)
Event: 3.019 Thread 0x0000024fffbaf000 nmethod 3872 0x0000024ff10d1710 code [0x0000024ff10d18c0, 0x0000024ff10d1978]
Event: 3.021 Thread 0x0000024fffbaf000 3873       3       kotlin.collections.IndexingIterator::hasNext (10 bytes)
Event: 3.021 Thread 0x0000024fffbaf000 nmethod 3873 0x0000024fea250910 code [0x0000024fea250ac0, 0x0000024fea250c88]
Event: 3.035 Thread 0x0000024fffbaf000 3876       1       org.jetbrains.kotlin.cli.jvm.index.JvmDependenciesIndexImpl$TraverseRequest::getAcceptedRootTypes (5 bytes)
Event: 3.035 Thread 0x0000024fffbaf000 nmethod 3876 0x0000024ff10d1c10 code [0x0000024ff10d1dc0, 0x0000024ff10d1e78]
Event: 3.035 Thread 0x0000024fffbaf000 3877       3       gnu.trove.TObjectHash::insertionIndex (273 bytes)
Event: 3.036 Thread 0x0000024fffb5d800 nmethod 3868 0x0000024ff10d1f10 code [0x0000024ff10d2180, 0x0000024ff10d41c0]
Event: 3.036 Thread 0x0000024fffbaf000 nmethod 3877 0x0000024fea250d90 code [0x0000024fea250fe0, 0x0000024fea251c68]
Event: 3.036 Thread 0x0000024fffbaf000 3878       3       kotlin.text.StringsKt__StringsKt::indexOf$default (26 bytes)
Event: 3.036 Thread 0x0000024fffb5d800 3875       4       org.jetbrains.kotlin.com.intellij.openapi.vfs.VirtualFile::findChild (62 bytes)
Event: 3.036 Thread 0x0000024fffbaf000 nmethod 3878 0x0000024fea251f90 code [0x0000024fea252140, 0x0000024fea2522c8]
Event: 3.036 Thread 0x0000024fffbaf000 3879       3       kotlin.text.StringsKt__StringsKt::indexOf (51 bytes)
Event: 3.037 Thread 0x0000024fffbaf000 nmethod 3879 0x0000024fea252390 code [0x0000024fea252620, 0x0000024fea2531a8]

GC Heap History (8 events):
Event: 0.358 GC heap before
{Heap before GC invocations=0 (full 0):
 garbage-first heap   total 196608K, used 17408K [0x0000000741600000, 0x0000000800000000)
  region size 1024K, 14 young (14336K), 0 survivors (0K)
 Metaspace       used 9970K, capacity 10088K, committed 10112K, reserved 1058816K
  class space    used 846K, capacity 894K, committed 896K, reserved 1048576K
}
Event: 0.359 GC heap after
{Heap after GC invocations=1 (full 0):
 garbage-first heap   total 196608K, used 5205K [0x0000000741600000, 0x0000000800000000)
  region size 1024K, 2 young (2048K), 2 survivors (2048K)
 Metaspace       used 9970K, capacity 10088K, committed 10112K, reserved 1058816K
  class space    used 846K, capacity 894K, committed 896K, reserved 1048576K
}
Event: 1.035 GC heap before
{Heap before GC invocations=1 (full 0):
 garbage-first heap   total 196608K, used 52309K [0x0000000741600000, 0x0000000800000000)
  region size 1024K, 49 young (50176K), 2 survivors (2048K)
 Metaspace       used 21064K, capacity 21234K, committed 21296K, reserved 1069056K
  class space    used 2226K, capacity 2312K, committed 2352K, reserved 1048576K
}
Event: 1.044 GC heap after
{Heap after GC invocations=2 (full 0):
 garbage-first heap   total 196608K, used 9469K [0x0000000741600000, 0x0000000800000000)
  region size 1024K, 7 young (7168K), 7 survivors (7168K)
 Metaspace       used 21064K, capacity 21234K, committed 21296K, reserved 1069056K
  class space    used 2226K, capacity 2312K, committed 2352K, reserved 1048576K
}
Event: 1.817 GC heap before
{Heap before GC invocations=3 (full 0):
 garbage-first heap   total 196608K, used 66813K [0x0000000741600000, 0x0000000800000000)
  region size 1024K, 57 young (58368K), 7 survivors (7168K)
 Metaspace       used 31190K, capacity 31508K, committed 31792K, reserved 1077248K
  class space    used 3483K, capacity 3613K, committed 3632K, reserved 1048576K
}
Event: 1.832 GC heap after
{Heap after GC invocations=4 (full 0):
 garbage-first heap   total 196608K, used 18452K [0x0000000741600000, 0x0000000800000000)
  region size 1024K, 7 young (7168K), 7 survivors (7168K)
 Metaspace       used 31190K, capacity 31508K, committed 31792K, reserved 1077248K
  class space    used 3483K, capacity 3613K, committed 3632K, reserved 1048576K
}
Event: 2.067 GC heap before
{Heap before GC invocations=4 (full 0):
 garbage-first heap   total 196608K, used 36884K [0x0000000741600000, 0x0000000800000000)
  region size 1024K, 26 young (26624K), 7 survivors (7168K)
 Metaspace       used 35458K, capacity 35776K, committed 35888K, reserved 1081344K
  class space    used 4211K, capacity 4352K, committed 4400K, reserved 1048576K
}
Event: 2.082 GC heap after
{Heap after GC invocations=5 (full 0):
 garbage-first heap   total 196608K, used 20766K [0x0000000741600000, 0x0000000800000000)
  region size 1024K, 3 young (3072K), 3 survivors (3072K)
 Metaspace       used 35458K, capacity 35776K, committed 35888K, reserved 1081344K
  class space    used 4211K, capacity 4352K, committed 4400K, reserved 1048576K
}

Deoptimization events (20 events):
Event: 2.955 Thread 0x0000024fe599d000 DEOPT PACKING pc=0x0000024ff1077ff4 sp=0x00000074134fd2e0
Event: 2.955 Thread 0x0000024fe599d000 DEOPT UNPACKING pc=0x0000024fe94b7b2f sp=0x00000074134fd1d8 mode 2
Event: 2.955 Thread 0x0000024fe599d000 Uncommon trap: trap_request=0xffffffde fr.pc=0x0000024ff1077ff4 relative=0x0000000000000294
Event: 2.955 Thread 0x0000024fe599d000 Uncommon trap: reason=class_check action=maybe_recompile pc=0x0000024ff1077ff4 method=org.jetbrains.kotlin.com.intellij.psi.impl.source.tree.SharedImplUtil.findFileElement(Lorg/jetbrains/kotlin/com/intellij/lang/ASTNode;)Lorg/jetbrains/kotlin/com/intellij
Event: 2.955 Thread 0x0000024fe599d000 DEOPT PACKING pc=0x0000024ff1077ff4 sp=0x00000074134fd2e0
Event: 2.955 Thread 0x0000024fe599d000 DEOPT UNPACKING pc=0x0000024fe94b7b2f sp=0x00000074134fd1d8 mode 2
Event: 2.955 Thread 0x0000024fe599d000 Uncommon trap: trap_request=0xffffffde fr.pc=0x0000024ff1077ff4 relative=0x0000000000000294
Event: 2.955 Thread 0x0000024fe599d000 Uncommon trap: reason=class_check action=maybe_recompile pc=0x0000024ff1077ff4 method=org.jetbrains.kotlin.com.intellij.psi.impl.source.tree.SharedImplUtil.findFileElement(Lorg/jetbrains/kotlin/com/intellij/lang/ASTNode;)Lorg/jetbrains/kotlin/com/intellij
Event: 2.955 Thread 0x0000024fe599d000 DEOPT PACKING pc=0x0000024ff1077ff4 sp=0x00000074134fd2e0
Event: 2.955 Thread 0x0000024fe599d000 DEOPT UNPACKING pc=0x0000024fe94b7b2f sp=0x00000074134fd1d8 mode 2
Event: 2.961 Thread 0x0000024fe599d000 Uncommon trap: trap_request=0xffffff4d fr.pc=0x0000024ff10a780c relative=0x000000000000068c
Event: 2.961 Thread 0x0000024fe599d000 Uncommon trap: reason=unstable_if action=reinterpret pc=0x0000024ff10a780c method=gnu.trove.TObjectHash.insertionIndex(Ljava/lang/Object;)I @ 65 c2
Event: 2.961 Thread 0x0000024fe599d000 DEOPT PACKING pc=0x0000024ff10a780c sp=0x00000074134fd9f0
Event: 2.961 Thread 0x0000024fe599d000 DEOPT UNPACKING pc=0x0000024fe94b7b2f sp=0x00000074134fd980 mode 2
Event: 2.961 Thread 0x0000024fe599d000 Uncommon trap: trap_request=0xffffffde fr.pc=0x0000024ff107a904 relative=0x0000000000000404
Event: 2.961 Thread 0x0000024fe599d000 Uncommon trap: reason=class_check action=maybe_recompile pc=0x0000024ff107a904 method=org.jetbrains.kotlin.com.intellij.psi.impl.source.tree.TreeElement.rawRemoveUpToWithoutNotifications(Lorg/jetbrains/kotlin/com/intellij/psi/impl/source/tree/TreeElement;
Event: 2.961 Thread 0x0000024fe599d000 DEOPT PACKING pc=0x0000024ff107a904 sp=0x00000074134fd380
Event: 2.961 Thread 0x0000024fe599d000 DEOPT UNPACKING pc=0x0000024fe94b7b2f sp=0x00000074134fd320 mode 2
Event: 2.993 Thread 0x0000024fe599d000 DEOPT PACKING pc=0x0000024fe9f2cd7f sp=0x00000074134fbad0
Event: 2.993 Thread 0x0000024fe599d000 DEOPT UNPACKING pc=0x0000024fe94b794e sp=0x00000074134faf20 mode 0

Classes redefined (0 events):
No events

Internal exceptions (17 events):
Event: 0.176 Thread 0x0000024fe599d000 Exception <a 'java/lang/NoSuchMethodError'{0x000000074d2653b0}: 'int java.lang.invoke.DirectMethodHandle$Holder.invokeSpecialIFC(java.lang.Object, java.lang.Object, int)'> (0x000000074d2653b0) thrown at [./src/hotspot/share/interpreter/linkResolver.cpp, line 773]
Event: 0.878 Thread 0x0000024fe599d000 Exception <a 'java/lang/NoSuchMethodError'{0x000000074afd1278}: 'int java.lang.invoke.DirectMethodHandle$Holder.invokeStaticInit(java.lang.Object, java.lang.Object, java.lang.Object)'> (0x000000074afd1278) thrown at [./src/hotspot/share/interpreter/linkResolver.cpp, line 773]
Event: 0.882 Thread 0x0000024fe599d000 Exception <a 'java/lang/NoSuchMethodError'{0x000000074ae0c518}: 'java.lang.Object java.lang.invoke.DirectMethodHandle$Holder.invokeStaticInit(java.lang.Object, int)'> (0x000000074ae0c518) thrown at [./src/hotspot/share/interpreter/linkResolver.cpp, line 773]
Event: 0.905 Thread 0x0000024fe599d000 Exception <a 'java/lang/NoSuchMethodError'{0x000000074ad826e0}: 'long java.lang.invoke.DirectMethodHandle$Holder.invokeStatic(java.lang.Object)'> (0x000000074ad826e0) thrown at [./src/hotspot/share/interpreter/linkResolver.cpp, line 773]
Event: 0.905 Thread 0x0000024fe599d000 Exception <a 'java/lang/NoSuchMethodError'{0x000000074ad857c0}: 'long java.lang.invoke.DirectMethodHandle$Holder.invokeStaticInit(java.lang.Object)'> (0x000000074ad857c0) thrown at [./src/hotspot/share/interpreter/linkResolver.cpp, line 773]
Event: 0.953 Thread 0x0000024fe599d000 Exception <a 'java/lang/NoSuchMethodError'{0x000000074a947a60}: 'int java.lang.invoke.DirectMethodHandle$Holder.invokeStaticInit(java.lang.Object, java.lang.Object)'> (0x000000074a947a60) thrown at [./src/hotspot/share/interpreter/linkResolver.cpp, line 773]
Event: 1.025 Thread 0x0000024fe599d000 Exception <a 'java/lang/NoSuchMethodError'{0x000000074a6acfe8}: 'java.lang.Object java.lang.invoke.DirectMethodHandle$Holder.invokeStatic(java.lang.Object, java.lang.Object, java.lang.Object, java.lang.Object, java.lang.Object, java.lang.Object, java.lang.Object, java.lang.Object, java.lang.Object, java.lang.Object, java.lang.Object, java.lang.Object, java.lang.Object, java.lang.Object, java.lang.Object)'> (0x000000074a6acfe8) thrown at [./src/hotspot/share/interpreter/linkResolver.cpp, line 773]
Event: 1.027 Thread 0x0000024fe599d000 Exception <a 'java/lang/NoSuchMethodError'{0x000000074a6baff0}: 'java.lang.Object java.lang.invoke.DirectMethodHandle$Holder.invokeStatic(java.lang.Object, java.lang.Object, java.lang.Object, java.lang.Object, java.lang.Object, java.lang.Object, java.lang.Object, java.lang.Object, java.lang.Object, java.lang.Object, java.lang.Object, java.lang.Object, java.lang.Object, java.lang.Object, java.lang.Object, java.lang.Object)'> (0x000000074a6baff0) thrown at [./src/hotspot/share/interpreter/linkResolver.cpp, l
Event: 1.028 Thread 0x0000024fe599d000 Exception <a 'java/lang/NoSuchMethodError'{0x000000074a6ca3d8}: 'java.lang.Object java.lang.invoke.DirectMethodHandle$Holder.invokeSpecial(java.lang.Object, java.lang.Object, int, int, java.lang.Object, java.lang.Object, java.lang.Object)'> (0x000000074a6ca3d8) thrown at [./src/hotspot/share/interpreter/linkResolver.cpp, line 773]
Event: 1.028 Thread 0x0000024fe599d000 Exception <a 'java/lang/NoSuchMethodError'{0x000000074a6cdc10}: 'java.lang.Object java.lang.invoke.DelegatingMethodHandle$Holder.reinvoke_L(java.lang.Object, int, int, java.lang.Object, java.lang.Object, java.lang.Object)'> (0x000000074a6cdc10) thrown at [./src/hotspot/share/interpreter/linkResolver.cpp, line 773]
Event: 1.029 Thread 0x0000024fe599d000 Exception <a 'java/lang/NoSuchMethodError'{0x000000074a6d2090}: 'java.lang.Object java.lang.invoke.DirectMethodHandle$Holder.invokeStatic(java.lang.Object, java.lang.Object, java.lang.Object, java.lang.Object, int)'> (0x000000074a6d2090) thrown at [./src/hotspot/share/interpreter/linkResolver.cpp, line 773]
Event: 1.109 Thread 0x0000024fe599d000 Exception <a 'java/lang/NoSuchMethodError'{0x000000074d206468}: 'void java.lang.invoke.DirectMethodHandle$Holder.invokeSpecial(java.lang.Object, java.lang.Object)'> (0x000000074d206468) thrown at [./src/hotspot/share/interpreter/linkResolver.cpp, line 773]
Event: 1.139 Thread 0x0000024fe599d000 Exception <a 'java/lang/NoSuchMethodError'{0x000000074d088538}: 'void java.lang.invoke.DirectMethodHandle$Holder.invokeStaticInit(java.lang.Object, java.lang.Object)'> (0x000000074d088538) thrown at [./src/hotspot/share/interpreter/linkResolver.cpp, line 773]
Event: 1.145 Thread 0x0000024fe599d000 Exception <a 'java/lang/NoSuchMethodError'{0x000000074d0c5dd8}: 'void java.lang.invoke.DirectMethodHandle$Holder.invokeInterface(java.lang.Object, java.lang.Object)'> (0x000000074d0c5dd8) thrown at [./src/hotspot/share/interpreter/linkResolver.cpp, line 773]
Event: 1.207 Thread 0x0000024fe599d000 Exception <a 'java/lang/NoSuchMethodError'{0x000000074ccb7160}: 'int java.lang.invoke.DirectMethodHandle$Holder.invokeVirtual(java.lang.Object, java.lang.Object)'> (0x000000074ccb7160) thrown at [./src/hotspot/share/interpreter/linkResolver.cpp, line 773]
Event: 1.664 Thread 0x0000024fe599d000 Exception <a 'java/lang/NoSuchMethodError'{0x000000074aeb5a18}: 'java.lang.Object java.lang.invoke.DirectMethodHandle$Holder.invokeVirtual(java.lang.Object, java.lang.Object, java.lang.Object)'> (0x000000074aeb5a18) thrown at [./src/hotspot/share/interpreter/linkResolver.cpp, line 773]
Event: 2.307 Thread 0x0000024fe599d000 Exception <a 'java/lang/NoSuchMethodError'{0x000000074cace3a8}: 'java.lang.Object java.lang.invoke.Invokers$Holder.linkToTargetMethod(java.lang.Object, int, java.lang.Object)'> (0x000000074cace3a8) thrown at [./src/hotspot/share/interpreter/linkResolver.cpp, line 773]

Events (20 events):
Event: 3.041 loading class org/jetbrains/kotlin/types/checker/StrictEqualityTypeChecker
Event: 3.041 loading class org/jetbrains/kotlin/types/checker/StrictEqualityTypeChecker done
Event: 3.041 loading class org/jetbrains/kotlin/types/AbstractStrictEqualityTypeChecker
Event: 3.041 loading class org/jetbrains/kotlin/types/AbstractStrictEqualityTypeChecker done
Event: 3.041 loading class org/jetbrains/kotlin/load/java/typeEnhancement/TypeEnhancementKt
Event: 3.041 loading class org/jetbrains/kotlin/load/java/typeEnhancement/TypeEnhancementKt done
Event: 3.042 loading class org/jetbrains/kotlin/load/java/typeEnhancement/EnhancedTypeAnnotations
Event: 3.042 loading class org/jetbrains/kotlin/load/java/typeEnhancement/EnhancedTypeAnnotations done
Event: 3.042 loading class org/jetbrains/kotlin/load/java/typeEnhancement/TypeComponentPosition
Event: 3.042 loading class org/jetbrains/kotlin/load/java/typeEnhancement/TypeComponentPosition done
Event: 3.043 loading class org/jetbrains/kotlin/load/java/typeEnhancement/EnhancementResult
Event: 3.043 loading class org/jetbrains/kotlin/load/java/typeEnhancement/EnhancementResult done
Event: 3.043 loading class org/jetbrains/kotlin/load/java/typeEnhancement/SimpleResult
Event: 3.043 loading class org/jetbrains/kotlin/load/java/typeEnhancement/SimpleResult done
Event: 3.043 loading class org/jetbrains/kotlin/load/java/typeEnhancement/Result
Event: 3.043 loading class org/jetbrains/kotlin/load/java/typeEnhancement/Result done
Event: 3.043 loading class org/jetbrains/kotlin/types/TypeWithEnhancementKt
Event: 3.043 loading class org/jetbrains/kotlin/types/TypeWithEnhancementKt done
Event: 3.043 loading class org/jetbrains/kotlin/types/TypeWithEnhancement
Event: 3.043 loading class org/jetbrains/kotlin/types/TypeWithEnhancement done


Dynamic libraries:
0x00007ff6b62b0000 - 0x00007ff6b62ba000 	C:\Program Files\Android\Android Studio\jre\bin\java.exe
0x00007ffcbff10000 - 0x00007ffcc0105000 	C:\WINDOWS\SYSTEM32\ntdll.dll
0x00007ffcbf790000 - 0x00007ffcbf84d000 	C:\WINDOWS\System32\KERNEL32.DLL
0x00007ffcbd880000 - 0x00007ffcbdb4d000 	C:\WINDOWS\System32\KERNELBASE.dll
0x00007ffcbd780000 - 0x00007ffcbd880000 	C:\WINDOWS\System32\ucrtbase.dll
0x00007ffcaccf0000 - 0x00007ffcacd07000 	C:\Program Files\Android\Android Studio\jre\bin\VCRUNTIME140.dll
0x00007ffcadda0000 - 0x00007ffcaddb9000 	C:\Program Files\Android\Android Studio\jre\bin\jli.dll
0x00007ffcbdfb0000 - 0x00007ffcbe150000 	C:\WINDOWS\System32\USER32.dll
0x00007ffcbd620000 - 0x00007ffcbd642000 	C:\WINDOWS\System32\win32u.dll
0x00007ffcbf630000 - 0x00007ffcbf65a000 	C:\WINDOWS\System32\GDI32.dll
0x00007ffcbdc40000 - 0x00007ffcbdd4b000 	C:\WINDOWS\System32\gdi32full.dll
0x00007ffcbdb50000 - 0x00007ffcbdbed000 	C:\WINDOWS\System32\msvcp_win.dll
0x00007ffcaf200000 - 0x00007ffcaf49a000 	C:\WINDOWS\WinSxS\amd64_microsoft.windows.common-controls_6595b64144ccf1df_6.0.19041.1110_none_60b5254171f9507e\COMCTL32.dll
0x00007ffcbf430000 - 0x00007ffcbf4ce000 	C:\WINDOWS\System32\msvcrt.dll
0x00007ffcbdf80000 - 0x00007ffcbdfb0000 	C:\WINDOWS\System32\IMM32.DLL
0x00007ffca86f0000 - 0x00007ffca878d000 	C:\Program Files\Android\Android Studio\jre\bin\msvcp140.dll
0x00007ffc4c010000 - 0x00007ffc4cadf000 	C:\Program Files\Android\Android Studio\jre\bin\server\jvm.dll
0x00007ffcbe630000 - 0x00007ffcbe6de000 	C:\WINDOWS\System32\ADVAPI32.dll
0x00007ffcbfbb0000 - 0x00007ffcbfc4c000 	C:\WINDOWS\System32\sechost.dll
0x00007ffcbe9e0000 - 0x00007ffcbeb05000 	C:\WINDOWS\System32\RPCRT4.dll
0x00007ffcbe6e0000 - 0x00007ffcbe6e8000 	C:\WINDOWS\System32\PSAPI.DLL
0x00007ffcb18f0000 - 0x00007ffcb1917000 	C:\WINDOWS\SYSTEM32\WINMM.dll
0x00007ffcaffb0000 - 0x00007ffcaffb9000 	C:\WINDOWS\SYSTEM32\WSOCK32.dll
0x00007ffcbfd80000 - 0x00007ffcbfdeb000 	C:\WINDOWS\System32\WS2_32.dll
0x00007ffcaf5d0000 - 0x00007ffcaf5da000 	C:\WINDOWS\SYSTEM32\VERSION.dll
0x00007ffcbb540000 - 0x00007ffcbb552000 	C:\WINDOWS\SYSTEM32\kernel.appcore.dll
0x00007ffcaca30000 - 0x00007ffcaca41000 	C:\Program Files\Android\Android Studio\jre\bin\verify.dll
0x00007ffcad7e0000 - 0x00007ffcad9c4000 	C:\WINDOWS\SYSTEM32\DBGHELP.DLL
0x00007ffcad7b0000 - 0x00007ffcad7dc000 	C:\WINDOWS\SYSTEM32\dbgcore.DLL
0x00007ffcbd6c0000 - 0x00007ffcbd742000 	C:\WINDOWS\System32\bcryptPrimitives.dll
0x00007ffcac660000 - 0x00007ffcac689000 	C:\Program Files\Android\Android Studio\jre\bin\java.dll
0x00007ffcacce0000 - 0x00007ffcacceb000 	C:\Program Files\Android\Android Studio\jre\bin\jimage.dll
0x00007ffcac890000 - 0x00007ffcac8a8000 	C:\Program Files\Android\Android Studio\jre\bin\zip.dll
0x00007ffcbece0000 - 0x00007ffcbf424000 	C:\WINDOWS\System32\SHELL32.dll
0x00007ffcbb740000 - 0x00007ffcbbed4000 	C:\WINDOWS\SYSTEM32\windows.storage.dll
0x00007ffcbf850000 - 0x00007ffcbfba4000 	C:\WINDOWS\System32\combase.dll
0x00007ffcbcfb0000 - 0x00007ffcbcfdc000 	C:\WINDOWS\SYSTEM32\Wldp.dll
0x00007ffcbf6e0000 - 0x00007ffcbf78d000 	C:\WINDOWS\System32\SHCORE.dll
0x00007ffcbeb10000 - 0x00007ffcbeb65000 	C:\WINDOWS\System32\shlwapi.dll
0x00007ffcbd560000 - 0x00007ffcbd57f000 	C:\WINDOWS\SYSTEM32\profapi.dll
0x00007ffcac640000 - 0x00007ffcac65a000 	C:\Program Files\Android\Android Studio\jre\bin\net.dll
0x00007ffcb1d90000 - 0x00007ffcb1e9a000 	C:\WINDOWS\SYSTEM32\WINHTTP.dll
0x00007ffcbcd10000 - 0x00007ffcbcd7a000 	C:\WINDOWS\system32\mswsock.dll
0x00007ffcabe70000 - 0x00007ffcabe84000 	C:\Program Files\Android\Android Studio\jre\bin\nio.dll

dbghelp: loaded successfully - version: 4.0.5 - missing functions: none
symbol engine: initialized successfully - sym options: 0x614 - pdb path: .;C:\Program Files\Android\Android Studio\jre\bin;C:\WINDOWS\SYSTEM32;C:\WINDOWS\WinSxS\amd64_microsoft.windows.common-controls_6595b64144ccf1df_6.0.19041.1110_none_60b5254171f9507e;C:\Program Files\Android\Android Studio\jre\bin\server

VM Arguments:
java_command: org.jetbrains.kotlin.cli.jvm.K2JVMCompiler @D:\Projects\React_Native\shop_on\node_modules\react-native-screens\android\build\20220518_13133678924348813194.compiler.options
java_class_path (initial): C:\Users\thesh\.gradle\caches\modules-2\files-2.1\org.jetbrains.kotlin\kotlin-compiler-embeddable\1.4.10\38c4b99d5d5362debdd9302a866730379aa2328a\kotlin-compiler-embeddable-1.4.10.jar;C:\Users\thesh\.gradle\caches\modules-2\files-2.1\org.jetbrains.kotlin\kotlin-reflect\1.4.10\e2b3c6695eee6085e606d96d685396dce23a3a06\kotlin-reflect-1.4.10.jar;C:\Users\thesh\.gradle\caches\modules-2\files-2.1\org.jetbrains.kotlin\kotlin-stdlib\1.4.10\ea29e063d2bbe695be13e9d044dcfb0c7add398e\kotlin-stdlib-1.4.10.jar;C:\Users\thesh\.gradle\caches\modules-2\files-2.1\org.jetbrains.kotlin\kotlin-script-runtime\1.4.10\7c19d9c2001e016cd7664cebe9eea66fc04a7f4f\kotlin-script-runtime-1.4.10.jar;C:\Users\thesh\.gradle\caches\modules-2\files-2.1\org.jetbrains.kotlin\kotlin-daemon-embeddable\1.4.10\dbd67f42bed28043d17d7c860b06110a00a45970\kotlin-daemon-embeddable-1.4.10.jar;C:\Users\thesh\.gradle\caches\modules-2\files-2.1\org.jetbrains.intellij.deps\trove4j\1.0.20181211\216c2e14b070f334479d800987affe4054cd563f\trove4j-1.0.20181211.jar;C:\Users\thesh\.gradle\caches\modules-2\files-2.1\org.jetbrains.kotlin\kotlin-stdlib-common\1.4.10\6229be3465805c99db1142ad75e6c6ddeac0b04c\kotlin-stdlib-common-1.4.10.jar;C:\Users\thesh\.gradle\caches\modules-2\files-2.1\org.jetbrains\annotations\13.0\919f0dfe192fb4e063e7dacadee7f8bb9a2672a9\annotations-13.0.jar
Launcher Type: SUN_STANDARD

[Global flags]
     intx CICompilerCount                          = 3                                         {product} {ergonomic}
     uint ConcGCThreads                            = 1                                         {product} {ergonomic}
     uint G1ConcRefinementThreads                  = 4                                         {product} {ergonomic}
   size_t G1HeapRegionSize                         = 1048576                                   {product} {ergonomic}
    uintx GCDrainStackTargetSize                   = 64                                        {product} {ergonomic}
   size_t InitialHeapSize                          = 201326592                                 {product} {ergonomic}
   size_t MarkStackSize                            = 4194304                                   {product} {ergonomic}
   size_t MaxHeapSize                              = 3198156800                                {product} {ergonomic}
   size_t MaxNewSize                               = 1918894080                                {product} {ergonomic}
   size_t MinHeapDeltaBytes                        = 1048576                                   {product} {ergonomic}
    uintx NonNMethodCodeHeapSize                   = 5830732                                {pd product} {ergonomic}
    uintx NonProfiledCodeHeapSize                  = 122913754                              {pd product} {ergonomic}
    uintx ProfiledCodeHeapSize                     = 122913754                              {pd product} {ergonomic}
    uintx ReservedCodeCacheSize                    = 251658240                              {pd product} {ergonomic}
     bool SegmentedCodeCache                       = true                                      {product} {ergonomic}
     bool UseCompressedClassPointers               = true                                 {lp64_product} {ergonomic}
     bool UseCompressedOops                        = true                                 {lp64_product} {ergonomic}
     bool UseG1GC                                  = true                                      {product} {ergonomic}
     bool UseLargePagesIndividualAllocation        = false                                  {pd product} {ergonomic}

Logging:
Log output configuration:
 #0: stdout all=warning uptime,level,tags
 #1: stderr all=off uptime,level,tags

Environment Variables:
JAVA_HOME=C:\Program Files\Android\Android Studio\jre
CLASSPATH=D:\Projects\React_Native\shop_on\android\\gradle\wrapper\gradle-wrapper.jar
PATH=D:\Projects\React_Native\shop_on\android\node_modules\.bin;D:\Projects\React_Native\shop_on\node_modules\.bin;D:\Projects\React_Native\node_modules\.bin;D:\Projects\node_modules\.bin;D:\node_modules\.bin;C:\Program Files\nodejs;C:\Program Files (x86)\NVIDIA Corporation\PhysX\Common;C:\Program Files (x86)\Common Files\Oracle\Java\javapath;C:\WINDOWS\system32;C:\WINDOWS;C:\WINDOWS\System32\Wbem;C:\WINDOWS\System32\WindowsPowerShell\v1.0\;C:\WINDOWS\System32\OpenSSH\;C:\Program Files\Git\cmd;C:\Program Files\nodejs\;C:\src\flutter\bin;C:\xampp\php;C:\ProgramData\ComposerSetup\bin;%LOCALAPPDATA%\Android\Sdk\platform-tools;C:\Program Files\Java\jdk1.8.0_301\bin;C:\Users\thesh\AppData\Local\Programs\Python\Python39\Scripts\;C:\Users\thesh\AppData\Local\Programs\Python\Python39\;C:\Users\thesh\AppData\Local\Microsoft\WindowsApps;C:\Program Files\heroku\bin;C:\Users\thesh\AppData\Roaming\npm;C:\Users\thesh\AppData\Local\Programs\Microsoft VS Code\bin;C:\Users\thesh\AppData\Roaming\Composer\vendor\bin;;C:\Program Files\JetBrains\PyCharm Community Edition 2022.1\bin;
USERNAME=thesh
OS=Windows_NT
PROCESSOR_IDENTIFIER=Intel64 Family 6 Model 60 Stepping 3, GenuineIntel



---------------  S Y S T E M  ---------------

OS: Windows 10 , 64 bit Build 19041 (10.0.19041.1706)
OS uptime: 3 days 20:32 hours

CPU:total 4 (initial active 4) (4 cores per cpu, 1 threads per core) family 6 model 60 stepping 3 microcode 0x27, cmov, cx8, fxsr, mmx, sse, sse2, sse3, ssse3, sse4.1, sse4.2, popcnt, avx, avx2, aes, clmul, erms, lzcnt, tsc, tscinvbit, bmi1, bmi2, fma

Memory: 4k page, system-wide physical 12199M (814M free)
TotalPageFile size 12199M (AvailPageFile size 5M)
current process WorkingSet (physical memory assigned to process): 218M, peak: 218M
current process commit charge ("private bytes"): 359M, peak: 359M

vm_info: OpenJDK 64-Bit Server VM (11.0.10+0-b96-7249189) for windows-amd64 JRE (11.0.10+0-b96-7249189), built on Mar 31 2021 21:44:00 by "builder" with MS VC++ 14.0 (VS2015)

END.
